<?xml version="1.0" encoding="UTF-8"?>
<!-- Generated by org.testng.reporters.JUnitReportReporter -->
<testsuite hostname="LIN80020936" failures="0" tests="1" name="test.Construct" time="0.020" errors="0" timestamp="2024-04-03T18:41:42 IST" skipped="0">
  <testcase classname="test.Construct" name="c2" time="0.020"/>
</testsuite> <!-- test.Construct -->
