<?xml version="1.0" encoding="UTF-8"?>
<!-- Generated by org.testng.reporters.JUnitReportReporter -->
<testsuite hostname="LIN80020936" failures="0" tests="3" name="test.learn4" time="0.004" errors="0" timestamp="2024-04-02T18:25:07 IST" skipped="1">
  <testcase classname="test.learn4" name="e1" time="0.002"/>
  <testcase classname="test.learn4" name="a1" time="0.002"/>
  <testcase classname="test.learn4" name="e2">
    <skipped/>
  </testcase> <!-- e2 -->
</testsuite> <!-- test.learn4 -->
