<?xml version="1.0" encoding="UTF-8"?>
<!-- Generated by org.testng.reporters.JUnitReportReporter -->
<testsuite hostname="LIN80020936" failures="0" tests="2" name="test.learn2" time="0.010" errors="0" timestamp="2024-04-02T18:25:07 IST" skipped="0">
  <testcase classname="test.learn2" name="d2" time="0.002"/>
  <testcase classname="test.learn2" name="d1" time="0.008"/>
</testsuite> <!-- test.learn2 -->
