<?xml version="1.0" encoding="UTF-8"?>
<!-- Generated by org.testng.reporters.JUnitReportReporter -->
<testsuite hostname="LIN80020936" failures="0" tests="1" name="test.learn" time="0.011" errors="0" timestamp="2024-04-01T19:25:41 IST" skipped="0">
  <testcase classname="test.learn" name="a" time="0.011"/>
</testsuite> <!-- test.learn -->
