<?xml version="1.0" encoding="UTF-8"?>
<!-- Generated by org.testng.reporters.JUnitReportReporter -->
<testsuite hostname="LIN80020936" failures="0" tests="1" name="test.ChidInher" time="0.016" errors="0" timestamp="2024-04-03T16:52:17 IST" skipped="0">
  <testcase classname="test.ChidInher" name="c" time="0.016"/>
</testsuite> <!-- test.ChidInher -->
