<?xml version="1.0" encoding="UTF-8"?>
<!-- Generated by org.testng.reporters.JUnitReportReporter -->
<testsuite hostname="LIN80020936" failures="0" tests="1" name="test.learn5" time="0.002" errors="0" timestamp="2024-04-02T18:25:07 IST" skipped="0">
  <testcase classname="test.learn5" name="afterClas" time="0.002"/>
</testsuite> <!-- test.learn5 -->
